This file contains any messages produced by compilers while
running configure, to aid debugging if configure makes a mistake.

It was created by dv_ap configure 00.79, which was
generated by GNU Autoconf 2.69.  Invocation command line was

  $ ./configure 

## --------- ##
## Platform. ##
## --------- ##

hostname = ham11
uname -m = armv7l
uname -r = 4.19.97-v7+
uname -s = Linux
uname -v = #1294 SMP Thu Jan 30 13:15:58 GMT 2020

/usr/bin/uname -p = unknown
/bin/uname -X     = unknown

/bin/arch              = unknown
/usr/bin/arch -k       = unknown
/usr/convex/getsysinfo = unknown
/usr/bin/hostinfo      = unknown
/bin/machine           = unknown
/usr/bin/oslevel       = unknown
/bin/universe          = unknown

PATH: /usr/local/sbin
PATH: /usr/local/bin
PATH: /usr/sbin
PATH: /usr/bin
PATH: /sbin
PATH: /bin
PATH: /usr/local/games
PATH: /usr/games


## ----------- ##
## Core tests. ##
## ----------- ##

configure:2199: checking for a BSD-compatible install
configure:2267: result: /usr/bin/install -c
configure:2278: checking whether build environment is sane
configure:2333: result: yes
configure:2369: WARNING: 'missing' script is too old or missing
configure:2482: checking for a thread-safe mkdir -p
configure:2521: result: /bin/mkdir -p
configure:2528: checking for gawk
configure:2558: result: no
configure:2528: checking for mawk
configure:2544: found /usr/bin/mawk
configure:2555: result: mawk
configure:2566: checking whether make sets $(MAKE)
configure:2588: result: yes
configure:2617: checking whether make supports nested variables
configure:2634: result: yes
configure:2810: checking for gcc
configure:2826: found /usr/bin/gcc
configure:2837: result: gcc
configure:3066: checking for C compiler version
configure:3075: gcc --version >&5
gcc (Raspbian 8.3.0-6+rpi1) 8.3.0
Copyright (C) 2018 Free Software Foundation, Inc.
This is free software; see the source for copying conditions.  There is NO
warranty; not even for MERCHANTABILITY or FITNESS FOR A PARTICULAR PURPOSE.

configure:3086: $? = 0
configure:3075: gcc -v >&5
Using built-in specs.
COLLECT_GCC=gcc
COLLECT_LTO_WRAPPER=/usr/lib/gcc/arm-linux-gnueabihf/8/lto-wrapper
Target: arm-linux-gnueabihf
Configured with: ../src/configure -v --with-pkgversion='Raspbian 8.3.0-6+rpi1' --with-bugurl=file:///usr/share/doc/gcc-8/README.Bugs --enable-languages=c,ada,c++,go,d,fortran,objc,obj-c++ --prefix=/usr --with-gcc-major-version-only --program-suffix=-8 --program-prefix=arm-linux-gnueabihf- --enable-shared --enable-linker-build-id --libexecdir=/usr/lib --without-included-gettext --enable-threads=posix --libdir=/usr/lib --enable-nls --enable-bootstrap --enable-clocale=gnu --enable-libstdcxx-debug --enable-libstdcxx-time=yes --with-default-libstdcxx-abi=new --enable-gnu-unique-object --disable-libitm --disable-libquadmath --disable-libquadmath-support --enable-plugin --with-system-zlib --with-target-system-zlib --enable-objc-gc=auto --enable-multiarch --disable-sjlj-exceptions --with-arch=armv6 --with-fpu=vfp --with-float=hard --disable-werror --enable-checking=release --build=arm-linux-gnueabihf --host=arm-linux-gnueabihf --target=arm-linux-gnueabihf
Thread model: posix
gcc version 8.3.0 (Raspbian 8.3.0-6+rpi1) 
configure:3086: $? = 0
configure:3075: gcc -V >&5
gcc: error: unrecognized command line option '-V'
gcc: fatal error: no input files
compilation terminated.
configure:3086: $? = 1
configure:3075: gcc -qversion >&5
gcc: error: unrecognized command line option '-qversion'; did you mean '--version'?
gcc: fatal error: no input files
compilation terminated.
configure:3086: $? = 1
configure:3106: checking whether the C compiler works
configure:3128: gcc    conftest.c  >&5
configure:3132: $? = 0
configure:3180: result: yes
configure:3183: checking for C compiler default output file name
configure:3185: result: a.out
configure:3191: checking for suffix of executables
configure:3198: gcc -o conftest    conftest.c  >&5
configure:3202: $? = 0
configure:3224: result: 
configure:3246: checking whether we are cross compiling
configure:3254: gcc -o conftest    conftest.c  >&5
configure:3258: $? = 0
configure:3265: ./conftest
configure:3269: $? = 0
configure:3257: result: no
configure:3262: checking for suffix of object files
configure:3284: gcc -c   conftest.c >&5
configure:3288: $? = 0
configure:3309: result: o
configure:3313: checking whether we are using the GNU C compiler
configure:3332: gcc -c   conftest.c >&5
configure:3332: $? = 0
configure:3341: result: yes
configure:3350: checking whether gcc accepts -g
configure:3370: gcc -c -g  conftest.c >&5
configure:3370: $? = 0
configure:3411: result: yes
configure:3428: checking for gcc option to accept ISO C89
configure:3491: gcc  -c -g -O2  conftest.c >&5
configure:3491: $? = 0
configure:3504: result: none needed
configure:3529: checking whether gcc understands -c and -o together
configure:3551: gcc -c conftest.c -o conftest2.o
configure:3554: $? = 0
configure:3551: gcc -c conftest.c -o conftest2.o
configure:3554: $? = 0
configure:3566: result: yes
configure:3594: checking for style of include used by make
configure:3622: result: GNU
configure:3648: checking dependency style of gcc
configure:3759: result: gcc3
configure:3778: checking for main in -lusb
configure:3797: gcc -o conftest -g -O2   conftest.c -lusb   >&5
configure:3797: $? = 0
configure:3806: result: yes
configure:3817: checking for main in -lcrypto
configure:3836: gcc -o conftest -g -O2   conftest.c -lcrypto  -lusb  >&5
configure:3836: $? = 0
configure:3845: result: yes
configure:3863: checking how to run the C preprocessor
configure:3894: gcc -E  conftest.c
configure:3894: $? = 0
configure:3908: gcc -E  conftest.c
conftest.c:13:10: fatal error: ac_nonexistent.h: No such file or directory
 #include <ac_nonexistent.h>
          ^~~~~~~~~~~~~~~~~~
compilation terminated.
configure:3908: $? = 1
configure: failed program was:
| /* confdefs.h */
| #define PACKAGE_NAME "dv_ap"
| #define PACKAGE_TARNAME "dv_ap"
| #define PACKAGE_VERSION "00.79"
| #define PACKAGE_STRING "dv_ap 00.79"
| #define PACKAGE_BUGREPORT "7m3tjz@jarl.com"
| #define PACKAGE_URL ""
| #define PACKAGE "dv_ap"
| #define VERSION "00.79"
| #define HAVE_LIBUSB 1
| #define HAVE_LIBCRYPTO 1
| /* end confdefs.h.  */
| #include <ac_nonexistent.h>
configure:3933: result: gcc -E
configure:3953: gcc -E  conftest.c
configure:3953: $? = 0
configure:3967: gcc -E  conftest.c
conftest.c:13:10: fatal error: ac_nonexistent.h: No such file or directory
 #include <ac_nonexistent.h>
          ^~~~~~~~~~~~~~~~~~
compilation terminated.
configure:3967: $? = 1
configure: failed program was:
| /* confdefs.h */
| #define PACKAGE_NAME "dv_ap"
| #define PACKAGE_TARNAME "dv_ap"
| #define PACKAGE_VERSION "00.79"
| #define PACKAGE_STRING "dv_ap 00.79"
| #define PACKAGE_BUGREPORT "7m3tjz@jarl.com"
| #define PACKAGE_URL ""
| #define PACKAGE "dv_ap"
| #define VERSION "00.79"
| #define HAVE_LIBUSB 1
| #define HAVE_LIBCRYPTO 1
| /* end confdefs.h.  */
| #include <ac_nonexistent.h>
configure:3996: checking for grep that handles long lines and -e
configure:4054: result: /bin/grep
configure:4059: checking for egrep
configure:4121: result: /bin/grep -E
configure:4126: checking for ANSI C header files
configure:4146: gcc -c -g -O2  conftest.c >&5
configure:4146: $? = 0
configure:4219: gcc -o conftest -g -O2   conftest.c -lcrypto -lusb  >&5
configure:4219: $? = 0
configure:4219: ./conftest
configure:4219: $? = 0
configure:4230: result: yes
configure:4243: checking for sys/types.h
configure:4243: gcc -c -g -O2  conftest.c >&5
configure:4243: $? = 0
configure:4243: result: yes
configure:4243: checking for sys/stat.h
configure:4243: gcc -c -g -O2  conftest.c >&5
configure:4243: $? = 0
configure:4243: result: yes
configure:4243: checking for stdlib.h
configure:4243: gcc -c -g -O2  conftest.c >&5
configure:4243: $? = 0
configure:4243: result: yes
configure:4243: checking for string.h
configure:4243: gcc -c -g -O2  conftest.c >&5
configure:4243: $? = 0
configure:4243: result: yes
configure:4243: checking for memory.h
configure:4243: gcc -c -g -O2  conftest.c >&5
configure:4243: $? = 0
configure:4243: result: yes
configure:4243: checking for strings.h
configure:4243: gcc -c -g -O2  conftest.c >&5
configure:4243: $? = 0
configure:4243: result: yes
configure:4243: checking for inttypes.h
configure:4243: gcc -c -g -O2  conftest.c >&5
configure:4243: $? = 0
configure:4243: result: yes
configure:4243: checking for stdint.h
configure:4243: gcc -c -g -O2  conftest.c >&5
configure:4243: $? = 0
configure:4243: result: yes
configure:4243: checking for unistd.h
configure:4243: gcc -c -g -O2  conftest.c >&5
configure:4243: $? = 0
configure:4243: result: yes
configure:4258: checking netdb.h usability
configure:4258: gcc -c -g -O2  conftest.c >&5
configure:4258: $? = 0
configure:4258: result: yes
configure:4258: checking netdb.h presence
configure:4258: gcc -E  conftest.c
configure:4258: $? = 0
configure:4258: result: yes
configure:4258: checking for netdb.h
configure:4258: result: yes
configure:4258: checking netinet/in.h usability
configure:4258: gcc -c -g -O2  conftest.c >&5
configure:4258: $? = 0
configure:4258: result: yes
configure:4258: checking netinet/in.h presence
configure:4258: gcc -E  conftest.c
configure:4258: $? = 0
configure:4258: result: yes
configure:4258: checking for netinet/in.h
configure:4258: result: yes
configure:4258: checking for stdlib.h
configure:4258: result: yes
configure:4258: checking for string.h
configure:4258: result: yes
configure:4258: checking sys/socket.h usability
configure:4258: gcc -c -g -O2  conftest.c >&5
configure:4258: $? = 0
configure:4258: result: yes
configure:4258: checking sys/socket.h presence
configure:4258: gcc -E  conftest.c
configure:4258: $? = 0
configure:4258: result: yes
configure:4258: checking for sys/socket.h
configure:4258: result: yes
configure:4258: checking sys/time.h usability
configure:4258: gcc -c -g -O2  conftest.c >&5
configure:4258: $? = 0
configure:4258: result: yes
configure:4258: checking sys/time.h presence
configure:4258: gcc -E  conftest.c
configure:4258: $? = 0
configure:4258: result: yes
configure:4258: checking for sys/time.h
configure:4258: result: yes
configure:4258: checking for unistd.h
configure:4258: result: yes
configure:4275: checking for gettimeofday
configure:4275: gcc -o conftest -g -O2   conftest.c -lcrypto -lusb  >&5
configure:4275: $? = 0
configure:4275: result: yes
configure:4275: checking for memset
configure:4275: gcc -o conftest -g -O2   conftest.c -lcrypto -lusb  >&5
conftest.c:54:6: warning: conflicting types for built-in function 'memset' [-Wbuiltin-declaration-mismatch]
 char memset ();
      ^~~~~~
configure:4275: $? = 0
configure:4275: result: yes
configure:4275: checking for select
configure:4275: gcc -o conftest -g -O2   conftest.c -lcrypto -lusb  >&5
configure:4275: $? = 0
configure:4275: result: yes
configure:4275: checking for socket
configure:4275: gcc -o conftest -g -O2   conftest.c -lcrypto -lusb  >&5
configure:4275: $? = 0
configure:4275: result: yes
configure:4275: checking for strerror
configure:4275: gcc -o conftest -g -O2   conftest.c -lcrypto -lusb  >&5
configure:4275: $? = 0
configure:4275: result: yes
configure:4275: checking for tzset
configure:4275: gcc -o conftest -g -O2   conftest.c -lcrypto -lusb  >&5
configure:4275: $? = 0
configure:4275: result: yes
configure:4275: checking for uname
configure:4275: gcc -o conftest -g -O2   conftest.c -lcrypto -lusb  >&5
configure:4275: $? = 0
configure:4275: result: yes
configure:4388: checking that generated files are newer than configure
configure:4394: result: done
configure:4417: creating ./config.status

## ---------------------- ##
## Running config.status. ##
## ---------------------- ##

This file was extended by dv_ap config.status 00.79, which was
generated by GNU Autoconf 2.69.  Invocation command line was

  CONFIG_FILES    = 
  CONFIG_HEADERS  = 
  CONFIG_LINKS    = 
  CONFIG_COMMANDS = 
  $ ./config.status 

on ham11

config.status:865: creating Makefile
config.status:865: creating config.h
config.status:1094: executing depfiles commands

## ---------------- ##
## Cache variables. ##
## ---------------- ##

ac_cv_c_compiler_gnu=yes
ac_cv_env_CC_set=
ac_cv_env_CC_value=
ac_cv_env_CFLAGS_set=
ac_cv_env_CFLAGS_value=
ac_cv_env_CPPFLAGS_set=
ac_cv_env_CPPFLAGS_value=
ac_cv_env_CPP_set=
ac_cv_env_CPP_value=
ac_cv_env_LDFLAGS_set=
ac_cv_env_LDFLAGS_value=
ac_cv_env_LIBS_set=
ac_cv_env_LIBS_value=
ac_cv_env_build_alias_set=
ac_cv_env_build_alias_value=
ac_cv_env_host_alias_set=
ac_cv_env_host_alias_value=
ac_cv_env_target_alias_set=
ac_cv_env_target_alias_value=
ac_cv_func_gettimeofday=yes
ac_cv_func_memset=yes
ac_cv_func_select=yes
ac_cv_func_socket=yes
ac_cv_func_strerror=yes
ac_cv_func_tzset=yes
ac_cv_func_uname=yes
ac_cv_header_inttypes_h=yes
ac_cv_header_memory_h=yes
ac_cv_header_netdb_h=yes
ac_cv_header_netinet_in_h=yes
ac_cv_header_stdc=yes
ac_cv_header_stdint_h=yes
ac_cv_header_stdlib_h=yes
ac_cv_header_string_h=yes
ac_cv_header_strings_h=yes
ac_cv_header_sys_socket_h=yes
ac_cv_header_sys_stat_h=yes
ac_cv_header_sys_time_h=yes
ac_cv_header_sys_types_h=yes
ac_cv_header_unistd_h=yes
ac_cv_lib_crypto_main=yes
ac_cv_lib_usb_main=yes
ac_cv_objext=o
ac_cv_path_EGREP='/bin/grep -E'
ac_cv_path_GREP=/bin/grep
ac_cv_path_install='/usr/bin/install -c'
ac_cv_path_mkdir=/bin/mkdir
ac_cv_prog_AWK=mawk
ac_cv_prog_CPP='gcc -E'
ac_cv_prog_ac_ct_CC=gcc
ac_cv_prog_cc_c89=
ac_cv_prog_cc_g=yes
ac_cv_prog_make_make_set=yes
am_cv_CC_dependencies_compiler_type=gcc3
am_cv_make_support_nested_variables=yes
am_cv_prog_cc_c_o=yes

## ----------------- ##
## Output variables. ##
## ----------------- ##

ACLOCAL='aclocal-1.15'
AMDEPBACKSLASH='\'
AMDEP_FALSE='#'
AMDEP_TRUE=''
AMTAR='$${TAR-tar}'
AM_BACKSLASH='\'
AM_DEFAULT_V='$(AM_DEFAULT_VERBOSITY)'
AM_DEFAULT_VERBOSITY='1'
AM_V='$(V)'
AUTOCONF='autoconf'
AUTOHEADER='autoheader'
AUTOMAKE='automake-1.15'
AWK='mawk'
CC='gcc'
CCDEPMODE='depmode=gcc3'
CFLAGS='-g -O2'
CPP='gcc -E'
CPPFLAGS=''
CYGPATH_W='echo'
DEFS='-DHAVE_CONFIG_H'
DEPDIR='.deps'
ECHO_C=''
ECHO_N='-n'
ECHO_T=''
EGREP='/bin/grep -E'
EXEEXT=''
GREP='/bin/grep'
INSTALL_DATA='${INSTALL} -m 644'
INSTALL_PROGRAM='${INSTALL}'
INSTALL_SCRIPT='${INSTALL}'
INSTALL_STRIP_PROGRAM='$(install_sh) -c -s'
LDFLAGS=''
LIBOBJS=''
LIBS='-lcrypto -lusb '
LTLIBOBJS=''
MAKEINFO='makeinfo'
MKDIR_P='/bin/mkdir -p'
OBJEXT='o'
PACKAGE='dv_ap'
PACKAGE_BUGREPORT='7m3tjz@jarl.com'
PACKAGE_NAME='dv_ap'
PACKAGE_STRING='dv_ap 00.79'
PACKAGE_TARNAME='dv_ap'
PACKAGE_URL=''
PACKAGE_VERSION='00.79'
PATH_SEPARATOR=':'
SET_MAKE=''
SHELL='/bin/bash'
STRIP=''
VERSION='00.79'
ac_ct_CC='gcc'
am__EXEEXT_FALSE=''
am__EXEEXT_TRUE='#'
am__fastdepCC_FALSE='#'
am__fastdepCC_TRUE=''
am__include='include'
am__isrc=''
am__leading_dot='.'
am__nodep='_no'
am__quote=''
am__tar='$${TAR-tar} chof - "$$tardir"'
am__untar='$${TAR-tar} xf -'
bindir='${exec_prefix}/bin'
build_alias=''
datadir='${datarootdir}'
datarootdir='${prefix}/share'
docdir='${datarootdir}/doc/${PACKAGE_TARNAME}'
dvidir='${docdir}'
exec_prefix='${prefix}'
host_alias=''
htmldir='${docdir}'
includedir='${prefix}/include'
infodir='${datarootdir}/info'
install_sh='${SHELL} /home/opendv/7m3tjz_dv-ap/install-sh'
libdir='${exec_prefix}/lib'
libexecdir='${exec_prefix}/libexec'
localedir='${datarootdir}/locale'
localstatedir='${prefix}/var'
mandir='${datarootdir}/man'
mkdir_p='$(MKDIR_P)'
oldincludedir='/usr/include'
pdfdir='${docdir}'
prefix='/usr/local'
program_transform_name='s,x,x,'
psdir='${docdir}'
runstatedir='${localstatedir}/run'
sbindir='${exec_prefix}/sbin'
sharedstatedir='${prefix}/com'
sysconfdir='${prefix}/etc'
target_alias=''

## ----------- ##
## confdefs.h. ##
## ----------- ##

/* confdefs.h */
#define PACKAGE_NAME "dv_ap"
#define PACKAGE_TARNAME "dv_ap"
#define PACKAGE_VERSION "00.79"
#define PACKAGE_STRING "dv_ap 00.79"
#define PACKAGE_BUGREPORT "7m3tjz@jarl.com"
#define PACKAGE_URL ""
#define PACKAGE "dv_ap"
#define VERSION "00.79"
#define HAVE_LIBUSB 1
#define HAVE_LIBCRYPTO 1
#define STDC_HEADERS 1
#define HAVE_SYS_TYPES_H 1
#define HAVE_SYS_STAT_H 1
#define HAVE_STDLIB_H 1
#define HAVE_STRING_H 1
#define HAVE_MEMORY_H 1
#define HAVE_STRINGS_H 1
#define HAVE_INTTYPES_H 1
#define HAVE_STDINT_H 1
#define HAVE_UNISTD_H 1
#define HAVE_NETDB_H 1
#define HAVE_NETINET_IN_H 1
#define HAVE_STDLIB_H 1
#define HAVE_STRING_H 1
#define HAVE_SYS_SOCKET_H 1
#define HAVE_SYS_TIME_H 1
#define HAVE_UNISTD_H 1
#define HAVE_GETTIMEOFDAY 1
#define HAVE_MEMSET 1
#define HAVE_SELECT 1
#define HAVE_SOCKET 1
#define HAVE_STRERROR 1
#define HAVE_TZSET 1
#define HAVE_UNAME 1

configure: exit 0
